2025-05-13 13:50:15,534 - INFO - Started process: DhanClientProcess
2025-05-13 13:50:15,545 - INFO - Started process: PriceScrollProcess
2025-05-13 13:50:18,551 - ERROR - Process PriceScrollProcess died, restarting...
2025-05-13 13:50:18,552 - ERROR - Main process error: 'Process' object has no attribute '_target'
Traceback (most recent call last):
  File "d:\upholic_tech\backend\python\app\main.py", line 88, in main
    new_p = Process(target=p._target, name=p.name)
                           ^^^^^^^^^
AttributeError: 'Process' object has no attribute '_target'
2025-05-13 13:50:18,554 - INFO - Shutting down all processes...
2025-05-13 13:50:18,583 - INFO - All processes stopped. Application shutdown complete.
2025-05-13 13:51:13,757 - INFO - Started process: DhanClientProcess
2025-05-13 13:51:13,768 - INFO - Started process: PriceScrollProcess
2025-05-13 13:51:16,613 - INFO - 
Received shutdown signal, initiating graceful shutdown...
2025-05-13 13:51:16,614 - INFO - Shutting down all processes...
2025-05-13 13:51:16,638 - INFO - All processes stopped. Application shutdown complete.
2025-05-13 13:52:14,968 - INFO - Started process: DhanClientProcess
2025-05-13 13:52:14,978 - INFO - Started process: PriceScrollProcess
2025-05-13 13:52:17,995 - ERROR - Process PriceScrollProcess died, restarting...
2025-05-13 13:52:17,996 - ERROR - Main process error: 'Process' object has no attribute '_target'
Traceback (most recent call last):
  File "d:\upholic_tech\backend\python\app\main.py", line 88, in main
    new_p = Process(target=p._target, name=p.name)
                           ^^^^^^^^^
AttributeError: 'Process' object has no attribute '_target'
2025-05-13 13:52:17,997 - INFO - Shutting down all processes...
2025-05-13 13:52:18,038 - INFO - All processes stopped. Application shutdown complete.
