2025-05-26 09:54:52,244 - BSEEquityFeed - INFO - Fetching all BSE equity instruments from: https://images.dhan.co/api-data/api-scrip-master.csv
2025-05-26 09:54:55,057 - BSEEquityFeed - INFO - Found 12722 BSE equity instruments
2025-05-26 09:54:56,326 - BSEEquityFeed - INFO - Starting 5 feeds for 250 instruments
2025-05-26 09:54:56,327 - root - ERROR - Fatal error: 'module' object is not callable. Did you mean: 'time.time(...)'?
Traceback (most recent call last):
  File "d:\upholic_tech\backend\pythontwo\app\instruments\bse_equity.py", line 202, in <module>
    feed.start_feed()
    ~~~~~~~~~~~~~~~^^
  File "d:\upholic_tech\backend\pythontwo\app\instruments\bse_equity.py", line 94, in start_feed
    if self.is_market_open():
       ~~~~~~~~~~~~~~~~~~~^^
  File "d:\upholic_tech\backend\pythontwo\app\instruments\bse_equity.py", line 73, in is_market_open
    return time(9, 15) <= now <= time(15, 30)
           ~~~~^^^^^^^
TypeError: 'module' object is not callable. Did you mean: 'time.time(...)'?
2025-05-26 09:57:13,685 - BSEEquityFeed - INFO - Fetching all BSE equity instruments from: https://images.dhan.co/api-data/api-scrip-master.csv
2025-05-26 09:57:16,586 - BSEEquityFeed - INFO - Found 12722 BSE equity instruments
2025-05-26 09:57:17,851 - BSEEquityFeed - INFO - Starting 5 feeds for 250 instruments
2025-05-26 09:57:17,852 - root - ERROR - Fatal error: 'module' object is not callable. Did you mean: 'time.time(...)'?
Traceback (most recent call last):
  File "d:\upholic_tech\backend\pythontwo\app\instruments\bse_equity.py", line 204, in <module>
    feed.start_feed()
    ~~~~~~~~~~~~~~~^^
  File "d:\upholic_tech\backend\pythontwo\app\instruments\bse_equity.py", line 96, in start_feed
    if self.is_market_open():
       ~~~~~~~~~~~~~~~~~~~^^
  File "d:\upholic_tech\backend\pythontwo\app\instruments\bse_equity.py", line 73, in is_market_open
    market_open = time(9, 15)  # Create time object for market open
TypeError: 'module' object is not callable. Did you mean: 'time.time(...)'?
2025-05-26 09:59:36,929 - BSEEquityFeed - INFO - Fetching all BSE equity instruments from: https://images.dhan.co/api-data/api-scrip-master.csv
2025-05-26 09:59:39,643 - BSEEquityFeed - INFO - Found 12722 BSE equity instruments
2025-05-26 09:59:41,056 - BSEEquityFeed - INFO - Starting 5 feeds for 250 instruments
2025-05-26 09:59:41,057 - BSEEquityFeed - INFO - Starting feed for 50 instruments
2025-05-26 09:59:41,058 - BSEEquityFeed - ERROR - Error starting feed: There is no current event loop in thread 'ThreadPoolExecutor-0_0'.
Traceback (most recent call last):
  File "d:\upholic_tech\backend\pythontwo\app\instruments\bse_equity.py", line 121, in _run_batch_feed
    feed = marketfeed.DhanFeed(
        self.client_id,
    ...<2 lines>...
        "v2"
    )
  File "C:\Users\bdeep\AppData\Local\Programs\Python\Python313\Lib\site-packages\dhanhq\marketfeed.py", line 48, in __init__
    self.loop = asyncio.get_event_loop()
                ~~~~~~~~~~~~~~~~~~~~~~^^
  File "C:\Users\bdeep\AppData\Local\Programs\Python\Python313\Lib\asyncio\events.py", line 716, in get_event_loop
    raise RuntimeError('There is no current event loop in thread %r.'
                       % threading.current_thread().name)
RuntimeError: There is no current event loop in thread 'ThreadPoolExecutor-0_0'.
2025-05-26 09:59:42,058 - BSEEquityFeed - INFO - Starting feed for 50 instruments
2025-05-26 09:59:42,059 - BSEEquityFeed - ERROR - Error starting feed: There is no current event loop in thread 'ThreadPoolExecutor-0_0'.
Traceback (most recent call last):
  File "d:\upholic_tech\backend\pythontwo\app\instruments\bse_equity.py", line 121, in _run_batch_feed
    feed = marketfeed.DhanFeed(
        self.client_id,
    ...<2 lines>...
        "v2"
    )
  File "C:\Users\bdeep\AppData\Local\Programs\Python\Python313\Lib\site-packages\dhanhq\marketfeed.py", line 48, in __init__
    self.loop = asyncio.get_event_loop()
                ~~~~~~~~~~~~~~~~~~~~~~^^
  File "C:\Users\bdeep\AppData\Local\Programs\Python\Python313\Lib\asyncio\events.py", line 716, in get_event_loop
    raise RuntimeError('There is no current event loop in thread %r.'
                       % threading.current_thread().name)
RuntimeError: There is no current event loop in thread 'ThreadPoolExecutor-0_0'.
2025-05-26 09:59:43,059 - BSEEquityFeed - INFO - Starting feed for 50 instruments
2025-05-26 09:59:43,060 - BSEEquityFeed - ERROR - Error starting feed: There is no current event loop in thread 'ThreadPoolExecutor-0_0'.
Traceback (most recent call last):
  File "d:\upholic_tech\backend\pythontwo\app\instruments\bse_equity.py", line 121, in _run_batch_feed
    feed = marketfeed.DhanFeed(
        self.client_id,
    ...<2 lines>...
        "v2"
    )
  File "C:\Users\bdeep\AppData\Local\Programs\Python\Python313\Lib\site-packages\dhanhq\marketfeed.py", line 48, in __init__
    self.loop = asyncio.get_event_loop()
                ~~~~~~~~~~~~~~~~~~~~~~^^
  File "C:\Users\bdeep\AppData\Local\Programs\Python\Python313\Lib\asyncio\events.py", line 716, in get_event_loop
    raise RuntimeError('There is no current event loop in thread %r.'
                       % threading.current_thread().name)
RuntimeError: There is no current event loop in thread 'ThreadPoolExecutor-0_0'.
2025-05-26 09:59:44,060 - BSEEquityFeed - INFO - Starting feed for 50 instruments
2025-05-26 09:59:44,060 - BSEEquityFeed - ERROR - Error starting feed: There is no current event loop in thread 'ThreadPoolExecutor-0_0'.
Traceback (most recent call last):
  File "d:\upholic_tech\backend\pythontwo\app\instruments\bse_equity.py", line 121, in _run_batch_feed
    feed = marketfeed.DhanFeed(
        self.client_id,
    ...<2 lines>...
        "v2"
    )
  File "C:\Users\bdeep\AppData\Local\Programs\Python\Python313\Lib\site-packages\dhanhq\marketfeed.py", line 48, in __init__
    self.loop = asyncio.get_event_loop()
                ~~~~~~~~~~~~~~~~~~~~~~^^
  File "C:\Users\bdeep\AppData\Local\Programs\Python\Python313\Lib\asyncio\events.py", line 716, in get_event_loop
    raise RuntimeError('There is no current event loop in thread %r.'
                       % threading.current_thread().name)
RuntimeError: There is no current event loop in thread 'ThreadPoolExecutor-0_0'.
2025-05-26 09:59:45,060 - BSEEquityFeed - INFO - Starting feed for 50 instruments
2025-05-26 09:59:45,061 - BSEEquityFeed - ERROR - Error starting feed: There is no current event loop in thread 'ThreadPoolExecutor-0_0'.
Traceback (most recent call last):
  File "d:\upholic_tech\backend\pythontwo\app\instruments\bse_equity.py", line 121, in _run_batch_feed
    feed = marketfeed.DhanFeed(
        self.client_id,
    ...<2 lines>...
        "v2"
    )
  File "C:\Users\bdeep\AppData\Local\Programs\Python\Python313\Lib\site-packages\dhanhq\marketfeed.py", line 48, in __init__
    self.loop = asyncio.get_event_loop()
                ~~~~~~~~~~~~~~~~~~~~~~^^
  File "C:\Users\bdeep\AppData\Local\Programs\Python\Python313\Lib\asyncio\events.py", line 716, in get_event_loop
    raise RuntimeError('There is no current event loop in thread %r.'
                       % threading.current_thread().name)
RuntimeError: There is no current event loop in thread 'ThreadPoolExecutor-0_0'.
2025-05-26 10:00:46,061 - BSEEquityFeed - INFO - Market feed active...
2025-05-26 10:01:46,062 - BSEEquityFeed - INFO - Market feed active...
2025-05-26 10:02:12,789 - root - INFO - Shutting down...
