2025-05-13 11:49:31,441 - INFO - Starting DhanClient process...
2025-05-13 11:49:31,456 - INFO - Starting PriceScroll process...
2025-05-13 11:49:43,595 - INFO - 
Shutting down services...
2025-05-13 11:49:43,628 - INFO - All services stopped
2025-05-13 11:49:48,343 - INFO - Starting DhanClient process...
2025-05-13 11:49:48,355 - INFO - Starting PriceScroll process...
2025-05-13 11:49:50,888 - INFO - 
Shutting down services...
2025-05-13 11:49:50,943 - INFO - All services stopped
2025-05-13 12:01:50,673 - INFO - Starting DhanClient process...
2025-05-13 12:01:50,687 - INFO - Starting PriceScroll process...
2025-05-13 12:01:56,609 - INFO - 
Shutting down services...
2025-05-13 12:01:56,642 - INFO - All services stopped
2025-05-13 12:09:49,287 - INFO - Starting DhanClient process...
2025-05-13 12:09:49,300 - INFO - Starting PriceScroll process...
2025-05-13 12:09:55,009 - INFO - 
Shutting down services...
2025-05-13 12:09:55,041 - INFO - All services stopped
2025-05-13 12:10:32,026 - INFO - Starting DhanClient process...
2025-05-13 12:10:32,038 - INFO - Starting PriceScroll process...
2025-05-13 12:10:34,844 - INFO - 
Shutting down services...
2025-05-13 12:10:34,902 - INFO - All services stopped
2025-05-13 12:32:54,420 - INFO - Starting DhanClient process...
2025-05-13 12:32:54,433 - INFO - Starting PriceScroll process...
2025-05-13 12:33:00,718 - INFO - 
Shutting down services...
2025-05-13 12:33:00,747 - INFO - All services stopped
2025-05-13 12:33:15,698 - INFO - Starting DhanClient process...
2025-05-13 12:33:15,712 - INFO - Starting PriceScroll process...
2025-05-13 12:33:18,993 - INFO - 
Shutting down services...
2025-05-13 12:33:19,017 - INFO - All services stopped
2025-05-13 12:46:11,126 - INFO - Starting DhanClient process...
2025-05-13 12:46:11,137 - INFO - Starting PriceScroll process...
2025-05-13 12:46:18,744 - INFO - 
Shutting down services...
2025-05-13 12:46:18,772 - INFO - All services stopped
2025-05-13 12:46:22,433 - INFO - Starting DhanClient process...
2025-05-13 12:46:22,451 - INFO - Starting PriceScroll process...
2025-05-13 12:46:26,072 - INFO - 
Shutting down services...
2025-05-13 12:46:26,096 - INFO - All services stopped
2025-05-13 12:52:23,701 - INFO - Starting DhanClient process...
2025-05-13 12:52:23,713 - INFO - Starting PriceScroll process...
2025-05-13 12:52:28,389 - INFO - 
Shutting down services...
2025-05-13 12:52:28,418 - INFO - All services stopped
2025-05-13 13:03:06,563 - INFO - Starting DhanClient process...
2025-05-13 13:03:06,575 - INFO - Starting PriceScroll process...
2025-05-13 13:03:16,301 - INFO - 
Shutting down services...
2025-05-13 13:03:16,341 - INFO - All services stopped
2025-05-13 13:03:21,169 - INFO - Starting DhanClient process...
2025-05-13 13:03:21,183 - INFO - Starting PriceScroll process...
2025-05-13 13:03:24,362 - INFO - 
Shutting down services...
2025-05-13 13:03:24,408 - INFO - All services stopped
2025-05-13 13:05:51,266 - INFO - Starting DhanClient process...
2025-05-13 13:05:51,278 - INFO - Starting PriceScroll process...
2025-05-13 13:05:58,481 - INFO - 
Shutting down services...
2025-05-13 13:05:58,511 - INFO - All services stopped
2025-05-13 13:06:02,865 - INFO - Starting DhanClient process...
2025-05-13 13:06:02,877 - INFO - Starting PriceScroll process...
2025-05-13 13:06:07,633 - INFO - 
Shutting down services...
2025-05-13 13:06:07,667 - INFO - All services stopped
2025-05-13 13:13:03,069 - INFO - Starting DhanClient process...
2025-05-13 13:13:03,084 - INFO - Starting PriceScroll process...
2025-05-13 13:13:10,162 - INFO - 
Shutting down services...
2025-05-13 13:13:10,209 - INFO - All services stopped
